<?xml version="1.0" encoding="utf-8"?><testsuites name="pytest tests"><testsuite name="pytest" errors="0" failures="0" skipped="0" tests="10" time="4.121" timestamp="2026-05-28T10:03:13.396013+00:00" hostname="agent-env-f9bf8d5a-0f2b-4f1c-8094-2ce2c5867415"><testcase classname="tests.backend_test.TestMarksAndMeasurementMeta" name="test_create_mark_with_label" time="1.001" /><testcase classname="tests.backend_test.TestMarksAndMeasurementMeta" name="test_patch_mark_label" time="0.454" /><testcase classname="tests.backend_test.TestMarksAndMeasurementMeta" name="test_patch_mark_boq_row_id" time="0.511" /><testcase classname="tests.backend_test.TestMarksAndMeasurementMeta" name="test_patch_mark_both_fields" time="0.406" /><testcase classname="tests.backend_test.TestMarksAndMeasurementMeta" name="test_patch_mark_empty_body_returns_existing" time="0.427" /><testcase classname="tests.backend_test.TestMarksAndMeasurementMeta" name="test_patch_nonexistent_mark_returns_404" time="0.147" /><testcase classname="tests.backend_test.TestMarksAndMeasurementMeta" name="test_delete_mark" time="0.453" /><testcase classname="tests.backend_test.TestMarksAndMeasurementMeta" name="test_boq_create_persists_measurement_meta" time="0.145" /><testcase classname="tests.backend_test.TestMarksAndMeasurementMeta" name="test_boq_list_returns_measurement_meta" time="0.194" /><testcase classname="tests.backend_test.TestMarksAndMeasurementMeta" name="test_boq_update_persists_measurement_meta" time="0.282" /></testsuite></testsuites>