<?xml version="1.0" encoding="utf-8"?><testsuites name="pytest tests"><testsuite name="pytest" errors="0" failures="1" skipped="0" tests="24" time="6.316" timestamp="2026-05-25T06:51:08.512250+00:00" hostname="agent-env-f9bf8d5a-0f2b-4f1c-8094-2ce2c5867415"><testcase classname="backend.tests.backend_test.TestAuth" name="test_login_admin_success" time="0.419" /><testcase classname="backend.tests.backend_test.TestAuth" name="test_login_invalid_credentials" time="0.317" /><testcase classname="backend.tests.backend_test.TestAuth" name="test_me_without_auth_returns_401" time="0.095" /><testcase classname="backend.tests.backend_test.TestAuth" name="test_register_new_user" time="0.382" /><testcase classname="backend.tests.backend_test.TestAuth" name="test_register_duplicate_email_fails" time="0.427" /><testcase classname="backend.tests.backend_test.TestAuth" name="test_logout_clears_cookies" time="0.401" /><testcase classname="backend.tests.backend_test.TestAuth" name="test_bcrypt_hash_format" time="0.325" /><testcase classname="backend.tests.backend_test.TestProjects" name="test_list_projects_includes_seeded_sample" time="0.042" /><testcase classname="backend.tests.backend_test.TestProjects" name="test_create_project_full_metadata" time="0.138" /><testcase classname="backend.tests.backend_test.TestProjects" name="test_update_project" time="0.213" /><testcase classname="backend.tests.backend_test.TestProjects" name="test_delete_project_cascades_boq" time="0.221" /><testcase classname="backend.tests.backend_test.TestProjects" name="test_unauth_projects_returns_401" time="0.137" /><testcase classname="backend.tests.backend_test.TestProjects" name="test_cannot_access_other_users_project" time="0.456" /><testcase classname="backend.tests.backend_test.TestBOQRows" name="test_seeded_sample_has_7_rows" time="0.088" /><testcase classname="backend.tests.backend_test.TestBOQRows" name="test_create_boq_with_full_dims" time="0.132" /><testcase classname="backend.tests.backend_test.TestBOQRows" name="test_create_boq_partial_dims_area" time="0.139" /><testcase classname="backend.tests.backend_test.TestBOQRows" name="test_create_boq_linear" time="0.136" /><testcase classname="backend.tests.backend_test.TestBOQRows" name="test_update_boq_recalculates_quantity" time="0.174" /><testcase classname="backend.tests.backend_test.TestBOQRows" name="test_deduction_flag_persists" time="0.134" /><testcase classname="backend.tests.backend_test.TestBOQRows" name="test_delete_boq_row" time="0.258" /><testcase classname="backend.tests.backend_test.TestDrawings" name="test_upload_and_list_drawing" time="0.516" /><testcase classname="backend.tests.backend_test.TestRateAnalysis" name="test_create_rate_analysis_calculates_total" time="0.214" /><testcase classname="backend.tests.backend_test.TestRateAnalysis" name="test_list_rate_analysis" time="0.221" /><testcase classname="backend.tests.backend_test.TestBruteForce" name="test_brute_force_lockout_after_5_fails" time="0.665"><failure message="AssertionError: Expected lockout, got 401&#10;assert 401 == 429&#10; +  where 401 = &lt;Response [401]&gt;.status_code">E   AssertionError: Expected lockout, got 401
    assert 401 == 429
     +  where 401 = &lt;Response [401]&gt;.status_code</failure></testcase></testsuite></testsuites>