<?xml version="1.0" encoding="utf-8"?><testsuites name="pytest tests"><testsuite name="pytest" errors="0" failures="0" skipped="0" tests="33" time="9.067" timestamp="2026-05-28T10:03:21.952284+00:00" hostname="agent-env-f9bf8d5a-0f2b-4f1c-8094-2ce2c5867415"><testcase classname="tests.backend_test.TestAuth" name="test_login_admin_success" time="0.391" /><testcase classname="tests.backend_test.TestAuth" name="test_login_invalid_credentials" time="0.358" /><testcase classname="tests.backend_test.TestAuth" name="test_me_without_auth_returns_401" time="0.143" /><testcase classname="tests.backend_test.TestAuth" name="test_register_new_user" time="0.384" /><testcase classname="tests.backend_test.TestAuth" name="test_register_duplicate_email_fails" time="0.422" /><testcase classname="tests.backend_test.TestAuth" name="test_logout_clears_cookies" time="0.460" /><testcase classname="tests.backend_test.TestAuth" name="test_bcrypt_hash_format" time="0.354" /><testcase classname="tests.backend_test.TestProjects" name="test_list_projects_includes_seeded_sample" time="0.045" /><testcase classname="tests.backend_test.TestProjects" name="test_create_project_full_metadata" time="0.137" /><testcase classname="tests.backend_test.TestProjects" name="test_update_project" time="0.174" /><testcase classname="tests.backend_test.TestProjects" name="test_delete_project_cascades_boq" time="0.177" /><testcase classname="tests.backend_test.TestProjects" name="test_unauth_projects_returns_401" time="0.097" /><testcase classname="tests.backend_test.TestProjects" name="test_cannot_access_other_users_project" time="0.464" /><testcase classname="tests.backend_test.TestBOQRows" name="test_seeded_sample_has_7_rows" time="0.089" /><testcase classname="tests.backend_test.TestBOQRows" name="test_create_boq_with_full_dims" time="0.134" /><testcase classname="tests.backend_test.TestBOQRows" name="test_create_boq_partial_dims_area" time="0.131" /><testcase classname="tests.backend_test.TestBOQRows" name="test_create_boq_linear" time="0.140" /><testcase classname="tests.backend_test.TestBOQRows" name="test_update_boq_recalculates_quantity" time="0.187" /><testcase classname="tests.backend_test.TestBOQRows" name="test_deduction_flag_persists" time="0.135" /><testcase classname="tests.backend_test.TestBOQRows" name="test_delete_boq_row" time="0.226" /><testcase classname="tests.backend_test.TestDrawings" name="test_upload_and_list_drawing" time="0.529" /><testcase classname="tests.backend_test.TestRateAnalysis" name="test_create_rate_analysis_calculates_total" time="0.184" /><testcase classname="tests.backend_test.TestRateAnalysis" name="test_list_rate_analysis" time="0.245" /><testcase classname="tests.backend_test.TestMarksAndMeasurementMeta" name="test_create_mark_with_label" time="0.389" /><testcase classname="tests.backend_test.TestMarksAndMeasurementMeta" name="test_patch_mark_label" time="0.399" /><testcase classname="tests.backend_test.TestMarksAndMeasurementMeta" name="test_patch_mark_boq_row_id" time="0.458" /><testcase classname="tests.backend_test.TestMarksAndMeasurementMeta" name="test_patch_mark_both_fields" time="0.413" /><testcase classname="tests.backend_test.TestMarksAndMeasurementMeta" name="test_patch_mark_empty_body_returns_existing" time="0.451" /><testcase classname="tests.backend_test.TestMarksAndMeasurementMeta" name="test_patch_nonexistent_mark_returns_404" time="0.136" /><testcase classname="tests.backend_test.TestMarksAndMeasurementMeta" name="test_delete_mark" time="0.597" /><testcase classname="tests.backend_test.TestMarksAndMeasurementMeta" name="test_boq_create_persists_measurement_meta" time="0.134" /><testcase classname="tests.backend_test.TestMarksAndMeasurementMeta" name="test_boq_list_returns_measurement_meta" time="0.178" /><testcase classname="tests.backend_test.TestMarksAndMeasurementMeta" name="test_boq_update_persists_measurement_meta" time="0.227" /></testsuite></testsuites>